<?xml version="1.0" encoding="UTF-8"?>
<!-- Generated by org.testng.reporters.JUnitXMLReporter -->
<testsuite hostname="AishwaryaVivek" name="Change Pic Test" tests="1" failures="1" timestamp="31 Dec 2014 13:24:51 GMT" time="32.773" errors="0">
  <testcase name="changePic" time="32.771" classname="com.selenium.facebook.testcases.ChangePicTest">
    <failure type="java.lang.NullPointerException">
      <![CDATA[java.lang.NullPointerException
	at com.selenium.facebook.testcases.ChangePicTest.changePic(ChangePicTest.java:30)
... Removed 23 stack frames]]>
    </failure>
  </testcase> <!-- changePic -->
</testsuite> <!-- Change Pic Test -->
