<?xml version="1.0" encoding="UTF-8"?>
<!-- Generated by org.testng.reporters.JUnitXMLReporter -->
<testsuite hostname="AishwaryaVivek" name="Find Friend Test" tests="2" failures="1" timestamp="31 Dec 2014 13:24:18 GMT" time="32.741" errors="0">
  <testcase name="findFriend" time="32.74" classname="com.selenium.facebook.testcases.FindaFriendTest">
    <failure type="java.lang.NullPointerException">
      <![CDATA[java.lang.NullPointerException
	at com.selenium.facebook.testcases.FindaFriendTest.findFriend(FindaFriendTest.java:32)
... Removed 23 stack frames]]>
    </failure>
  </testcase> <!-- findFriend -->
  <testcase name="messageFriend" time="0.0" classname="com.selenium.facebook.testcases.FindaFriendTest">
    <skipped/>
  </testcase> <!-- messageFriend -->
</testsuite> <!-- Find Friend Test -->
