<?xml version="1.0" encoding="UTF-8"?>
<!-- Generated by org.testng.reporters.JUnitXMLReporter -->
<testsuite hostname="AishwaryaVivek" name="Login Test" tests="3" failures="0" timestamp="31 Dec 2014 13:23:45 GMT" time="71.649" errors="0">
  <testcase name="loginTest" time="31.643" classname="com.selenium.facebook.testcases.LoginTest"/>
  <testcase name="loginTest" time="36.67" classname="com.selenium.facebook.testcases.LoginTest"/>
  <testcase name="loginTest" time="0.001" classname="com.selenium.facebook.testcases.LoginTest">
    <skipped/>
  </testcase> <!-- loginTest -->
</testsuite> <!-- Login Test -->
