<?xml version="1.0" encoding="UTF-8"?>
<testng-results skipped="2" failed="2" total="6" passed="2">
  <reporter-output>
  </reporter-output>
  <suite name="Facebook Suite" duration-ms="137497" started-at="2014-12-31T13:22:33Z" finished-at="2014-12-31T13:24:51Z">
    <groups>
    </groups>
    <test name="Login Test" duration-ms="71649" started-at="2014-12-31T13:22:33Z" finished-at="2014-12-31T13:23:45Z">
      <class name="com.selenium.facebook.testcases.LoginTest">
        <test-method status="PASS" signature="loginTest(java.util.Hashtable)[pri:0, instance:com.selenium.facebook.testcases.LoginTest@7cdbc5d3]" name="loginTest" duration-ms="31643" started-at="2014-12-31T07:22:37Z" data-provider="getData" finished-at="2014-12-31T07:23:08Z">
          <params>
            <param index="0">
              <value>
                <![CDATA[{Username=vivek7124@gmail.com, Password=1983130532blue, Runmode=Y, Flag=Y}]]>
              </value>
            </param>
          </params>
          <reporter-output>
          </reporter-output>
        </test-method> <!-- loginTest -->
        <test-method status="PASS" signature="loginTest(java.util.Hashtable)[pri:0, instance:com.selenium.facebook.testcases.LoginTest@7cdbc5d3]" name="loginTest" duration-ms="36670" started-at="2014-12-31T07:23:08Z" data-provider="getData" finished-at="2014-12-31T07:23:45Z">
          <params>
            <param index="0">
              <value>
                <![CDATA[{Username=abc, Password=xyz, Runmode=Y, Flag=N}]]>
              </value>
            </param>
          </params>
          <reporter-output>
          </reporter-output>
        </test-method> <!-- loginTest -->
        <test-method status="SKIP" signature="loginTest(java.util.Hashtable)[pri:0, instance:com.selenium.facebook.testcases.LoginTest@7cdbc5d3]" name="loginTest" duration-ms="1" started-at="2014-12-31T07:23:45Z" data-provider="getData" finished-at="2014-12-31T07:23:45Z">
          <params>
            <param index="0">
              <value>
                <![CDATA[{Username=xxxx, Password=yyyy, Runmode=N, Flag=N}]]>
              </value>
            </param>
          </params>
          <exception class="org.testng.SkipException">
            <message>
              <![CDATA[Runmode set to NO for the data set]]>
            </message>
            <full-stacktrace>
              <![CDATA[org.testng.SkipException: Runmode set to NO for the data set
	at com.selenium.facebook.testcases.LoginTest.loginTest(LoginTest.java:30)
	at sun.reflect.NativeMethodAccessorImpl.invoke0(Native Method)
	at sun.reflect.NativeMethodAccessorImpl.invoke(NativeMethodAccessorImpl.java:62)
	at sun.reflect.DelegatingMethodAccessorImpl.invoke(DelegatingMethodAccessorImpl.java:43)
	at java.lang.reflect.Method.invoke(Method.java:483)
	at org.testng.internal.MethodInvocationHelper.invokeMethod(MethodInvocationHelper.java:84)
	at org.testng.internal.Invoker.invokeMethod(Invoker.java:714)
	at org.testng.internal.Invoker.invokeTestMethod(Invoker.java:901)
	at org.testng.internal.Invoker.invokeTestMethods(Invoker.java:1231)
	at org.testng.internal.TestMethodWorker.invokeTestMethods(TestMethodWorker.java:127)
	at org.testng.internal.TestMethodWorker.run(TestMethodWorker.java:111)
	at org.testng.TestRunner.privateRun(TestRunner.java:767)
	at org.testng.TestRunner.run(TestRunner.java:617)
	at org.testng.SuiteRunner.runTest(SuiteRunner.java:334)
	at org.testng.SuiteRunner.runSequentially(SuiteRunner.java:329)
	at org.testng.SuiteRunner.privateRun(SuiteRunner.java:291)
	at org.testng.SuiteRunner.run(SuiteRunner.java:240)
	at org.testng.SuiteRunnerWorker.runSuite(SuiteRunnerWorker.java:52)
	at org.testng.SuiteRunnerWorker.run(SuiteRunnerWorker.java:86)
	at org.testng.TestNG.runSuitesSequentially(TestNG.java:1224)
	at org.testng.TestNG.runSuitesLocally(TestNG.java:1149)
	at org.testng.TestNG.run(TestNG.java:1057)
	at org.testng.TestNG.privateMain(TestNG.java:1364)
	at org.testng.TestNG.main(TestNG.java:1333)
]]>
            </full-stacktrace>
          </exception> <!-- org.testng.SkipException -->
          <reporter-output>
          </reporter-output>
        </test-method> <!-- loginTest -->
      </class> <!-- com.selenium.facebook.testcases.LoginTest -->
    </test> <!-- Login Test -->
    <test name="Find Friend Test" duration-ms="32741" started-at="2014-12-31T13:23:45Z" finished-at="2014-12-31T13:24:18Z">
      <class name="com.selenium.facebook.testcases.FindaFriendTest">
        <test-method status="FAIL" signature="findFriend()[pri:0, instance:com.selenium.facebook.testcases.FindaFriendTest@71c7db30]" name="findFriend" duration-ms="32740" started-at="2014-12-31T07:23:45Z" finished-at="2014-12-31T07:24:18Z">
          <exception class="java.lang.NullPointerException">
            <full-stacktrace>
              <![CDATA[java.lang.NullPointerException
	at com.selenium.facebook.testcases.FindaFriendTest.findFriend(FindaFriendTest.java:32)
	at sun.reflect.NativeMethodAccessorImpl.invoke0(Native Method)
	at sun.reflect.NativeMethodAccessorImpl.invoke(NativeMethodAccessorImpl.java:62)
	at sun.reflect.DelegatingMethodAccessorImpl.invoke(DelegatingMethodAccessorImpl.java:43)
	at java.lang.reflect.Method.invoke(Method.java:483)
	at org.testng.internal.MethodInvocationHelper.invokeMethod(MethodInvocationHelper.java:84)
	at org.testng.internal.Invoker.invokeMethod(Invoker.java:714)
	at org.testng.internal.Invoker.invokeTestMethod(Invoker.java:901)
	at org.testng.internal.Invoker.invokeTestMethods(Invoker.java:1231)
	at org.testng.internal.TestMethodWorker.invokeTestMethods(TestMethodWorker.java:127)
	at org.testng.internal.TestMethodWorker.run(TestMethodWorker.java:111)
	at org.testng.TestRunner.privateRun(TestRunner.java:767)
	at org.testng.TestRunner.run(TestRunner.java:617)
	at org.testng.SuiteRunner.runTest(SuiteRunner.java:334)
	at org.testng.SuiteRunner.runSequentially(SuiteRunner.java:329)
	at org.testng.SuiteRunner.privateRun(SuiteRunner.java:291)
	at org.testng.SuiteRunner.run(SuiteRunner.java:240)
	at org.testng.SuiteRunnerWorker.runSuite(SuiteRunnerWorker.java:52)
	at org.testng.SuiteRunnerWorker.run(SuiteRunnerWorker.java:86)
	at org.testng.TestNG.runSuitesSequentially(TestNG.java:1224)
	at org.testng.TestNG.runSuitesLocally(TestNG.java:1149)
	at org.testng.TestNG.run(TestNG.java:1057)
	at org.testng.TestNG.privateMain(TestNG.java:1364)
	at org.testng.TestNG.main(TestNG.java:1333)
]]>
            </full-stacktrace>
          </exception> <!-- java.lang.NullPointerException -->
          <reporter-output>
          </reporter-output>
        </test-method> <!-- findFriend -->
        <test-method status="SKIP" signature="messageFriend()[pri:0, instance:com.selenium.facebook.testcases.FindaFriendTest@71c7db30]" name="messageFriend" duration-ms="0" started-at="2014-12-31T07:24:18Z" depends-on-methods="com.selenium.facebook.testcases.FindaFriendTest.findFriend" finished-at="2014-12-31T07:24:18Z">
          <reporter-output>
          </reporter-output>
        </test-method> <!-- messageFriend -->
      </class> <!-- com.selenium.facebook.testcases.FindaFriendTest -->
    </test> <!-- Find Friend Test -->
    <test name="Change Pic Test" duration-ms="32773" started-at="2014-12-31T13:24:18Z" finished-at="2014-12-31T13:24:51Z">
      <class name="com.selenium.facebook.testcases.ChangePicTest">
        <test-method status="FAIL" signature="changePic()[pri:0, instance:com.selenium.facebook.testcases.ChangePicTest@4cdbe50f]" name="changePic" duration-ms="32771" started-at="2014-12-31T07:24:18Z" finished-at="2014-12-31T07:24:51Z">
          <exception class="java.lang.NullPointerException">
            <full-stacktrace>
              <![CDATA[java.lang.NullPointerException
	at com.selenium.facebook.testcases.ChangePicTest.changePic(ChangePicTest.java:30)
	at sun.reflect.NativeMethodAccessorImpl.invoke0(Native Method)
	at sun.reflect.NativeMethodAccessorImpl.invoke(NativeMethodAccessorImpl.java:62)
	at sun.reflect.DelegatingMethodAccessorImpl.invoke(DelegatingMethodAccessorImpl.java:43)
	at java.lang.reflect.Method.invoke(Method.java:483)
	at org.testng.internal.MethodInvocationHelper.invokeMethod(MethodInvocationHelper.java:84)
	at org.testng.internal.Invoker.invokeMethod(Invoker.java:714)
	at org.testng.internal.Invoker.invokeTestMethod(Invoker.java:901)
	at org.testng.internal.Invoker.invokeTestMethods(Invoker.java:1231)
	at org.testng.internal.TestMethodWorker.invokeTestMethods(TestMethodWorker.java:127)
	at org.testng.internal.TestMethodWorker.run(TestMethodWorker.java:111)
	at org.testng.TestRunner.privateRun(TestRunner.java:767)
	at org.testng.TestRunner.run(TestRunner.java:617)
	at org.testng.SuiteRunner.runTest(SuiteRunner.java:334)
	at org.testng.SuiteRunner.runSequentially(SuiteRunner.java:329)
	at org.testng.SuiteRunner.privateRun(SuiteRunner.java:291)
	at org.testng.SuiteRunner.run(SuiteRunner.java:240)
	at org.testng.SuiteRunnerWorker.runSuite(SuiteRunnerWorker.java:52)
	at org.testng.SuiteRunnerWorker.run(SuiteRunnerWorker.java:86)
	at org.testng.TestNG.runSuitesSequentially(TestNG.java:1224)
	at org.testng.TestNG.runSuitesLocally(TestNG.java:1149)
	at org.testng.TestNG.run(TestNG.java:1057)
	at org.testng.TestNG.privateMain(TestNG.java:1364)
	at org.testng.TestNG.main(TestNG.java:1333)
]]>
            </full-stacktrace>
          </exception> <!-- java.lang.NullPointerException -->
          <reporter-output>
          </reporter-output>
        </test-method> <!-- changePic -->
      </class> <!-- com.selenium.facebook.testcases.ChangePicTest -->
    </test> <!-- Change Pic Test -->
  </suite> <!-- Facebook Suite -->
</testng-results>
